Using pre-set license
Built from '2020.3/staging' branch; Version is '2020.3.4f1 (0abb6314276a) revision 703331'; Using compiler version '192528614'; Build Type 'Release'
OS: 'Windows 10 Home Single Language; OS build 19042.1052; Version 2009; 64bit' Language: 'en' Physical Memory: 8150 MB
BatchMode: 1, IsHumanControllingUs: 0, StartBugReporterOnCrash: 0, Is64bit: 1, IsPro: 0

 COMMAND LINE ARGUMENTS:
C:\Program Files\Unity\Hub\Editor\2020.3.4f1\Editor\Unity.exe
-adb2
-batchMode
-noUpm
-name
AssetImportWorker0
-projectPath
F:/Proiect EGC FIND THE WAY/Find the Way
-logFile
Logs/AssetImportWorker0.log
-srvPort
51492
Successfully changed project path to: F:/Proiect EGC FIND THE WAY/Find the Way
F:/Proiect EGC FIND THE WAY/Find the Way
Using Asset Import Pipeline V2.
Refreshing native plugins compatible for Editor in 35.76 ms, found 0 plugins.
Preloading 0 native plugins for Editor in 0.00 ms.
Initialize engine version: 2020.3.4f1 (0abb6314276a)
[Subsystems] Discovering subsystems at path C:/Program Files/Unity/Hub/Editor/2020.3.4f1/Editor/Data/Resources/UnitySubsystems
[Subsystems] Discovering subsystems at path F:/Proiect EGC FIND THE WAY/Find the Way/Assets
GfxDevice: creating device client; threaded=0
Direct3D:
    Version:  Direct3D 11.0 [level 11.0]
    Renderer: NVIDIA GeForce GTX 750 Ti (ID=0x1380)
    Vendor:   
    VRAM:     2007 MB
    Driver:   27.21.14.5671
Initialize mono
Mono path[0] = 'C:/Program Files/Unity/Hub/Editor/2020.3.4f1/Editor/Data/Managed'
Mono path[1] = 'C:/Program Files/Unity/Hub/Editor/2020.3.4f1/Editor/Data/MonoBleedingEdge/lib/mono/unityjit'
Mono config path = 'C:/Program Files/Unity/Hub/Editor/2020.3.4f1/Editor/Data/MonoBleedingEdge/etc'
Using monoOptions --debugger-agent=transport=dt_socket,embedding=1,server=y,suspend=n,address=127.0.0.1:56060
Begin MonoManager ReloadAssembly
Registering precompiled unity dll's ...
Register platform support module: C:/Program Files/Unity/Hub/Editor/2020.3.4f1/Editor/Data/PlaybackEngines/WebGLSupport/UnityEditor.WebGL.Extensions.dll
Register platform support module: C:/Program Files/Unity/Hub/Editor/2020.3.4f1/Editor/Data/PlaybackEngines/WindowsStandaloneSupport/UnityEditor.WindowsStandalone.Extensions.dll
Registered in 0.003093 seconds.
Native extension for WindowsStandalone target not found
Native extension for WebGL target not found
Refreshing native plugins compatible for Editor in 36.47 ms, found 0 plugins.
Preloading 0 native plugins for Editor in 0.00 ms.
Mono: successfully reloaded assembly
- Completed reload, in  1.687 seconds
Platform modules already initialized, skipping
Registering precompiled user dll's ...
Registered in 0.000703 seconds.
Begin MonoManager ReloadAssembly
Native extension for WindowsStandalone target not found
Native extension for WebGL target not found
Refreshing native plugins compatible for Editor in 0.29 ms, found 0 plugins.
Preloading 0 native plugins for Editor in 0.00 ms.
Mono: successfully reloaded assembly
- Completed reload, in  1.220 seconds
Platform modules already initialized, skipping
========================================================================
Worker process is ready to serve import requests
Launched and connected shader compiler UnityShaderCompiler.exe after 0.05 seconds
Refreshing native plugins compatible for Editor in 0.27 ms, found 0 plugins.
Preloading 0 native plugins for Editor in 0.00 ms.
Unloading 1148 Unused Serialized files (Serialized files now loaded: 0)
System memory in use before: 63.8 MB.
System memory in use after: 63.8 MB.

Unloading 10 unused Assets to reduce memory usage. Loaded Objects now: 1597.
Total: 2.232900 ms (FindLiveObjects: 0.176400 ms CreateObjectMapping: 0.049600 ms MarkObjects: 1.899000 ms  DeleteObjects: 0.105000 ms)

========================================================================
Received Import Request.
  path: Assets/Scenes/Level01.unity
  artifactKey: Guid(9fc0d4010bbf28b4594072e72b8655ab) Importer(815301076,1909f56bfc062723c751e8b465ee728b)
Start importing Assets/Scenes/Level01.unity using Guid(9fc0d4010bbf28b4594072e72b8655ab) Importer(815301076,1909f56bfc062723c751e8b465ee728b)  -> (artifact id: '00d61ab7fec34665ad478e0794530af6') in 0.022372 seconds
  Import took 0.070859 seconds .

========================================================================
Received Import Request.
  Time since last request: 84.626603 seconds.
  path: Assets/Scenes/Level01.unity
  artifactKey: Guid(9fc0d4010bbf28b4594072e72b8655ab) Importer(815301076,1909f56bfc062723c751e8b465ee728b)
Start importing Assets/Scenes/Level01.unity using Guid(9fc0d4010bbf28b4594072e72b8655ab) Importer(815301076,1909f56bfc062723c751e8b465ee728b)  -> (artifact id: '33b81b7b4ed16b2ebf0346b80dc4484b') in 0.011014 seconds
  Import took 0.042982 seconds .

========================================================================
Received Import Request.
  Time since last request: 15.917096 seconds.
  path: Assets/Scenes/Level03.unity
  artifactKey: Guid(ce5fdf77eb7ee314a9521d251db08779) Importer(815301076,1909f56bfc062723c751e8b465ee728b)
Start importing Assets/Scenes/Level03.unity using Guid(ce5fdf77eb7ee314a9521d251db08779) Importer(815301076,1909f56bfc062723c751e8b465ee728b)  -> (artifact id: '3ebdf7a864ed32ee96d224c61074b977') in 0.009897 seconds
  Import took 0.025607 seconds .

========================================================================
Received Prepare
Registering precompiled user dll's ...
Registered in 0.000739 seconds.
Begin MonoManager ReloadAssembly
Native extension for WindowsStandalone target not found
Native extension for WebGL target not found
Refreshing native plugins compatible for Editor in 0.29 ms, found 0 plugins.
Preloading 0 native plugins for Editor in 0.00 ms.
Mono: successfully reloaded assembly
- Completed reload, in  1.086 seconds
Platform modules already initialized, skipping
Refreshing native plugins compatible for Editor in 0.29 ms, found 0 plugins.
Preloading 0 native plugins for Editor in 0.00 ms.
Unloading 1130 Unused Serialized files (Serialized files now loaded: 0)
System memory in use before: 62.5 MB.
System memory in use after: 62.6 MB.

Unloading 5 unused Assets to reduce memory usage. Loaded Objects now: 1600.
Total: 2.142000 ms (FindLiveObjects: 0.144000 ms CreateObjectMapping: 0.048600 ms MarkObjects: 1.866700 ms  DeleteObjects: 0.081500 ms)

========================================================================
Received Import Request.
  Time since last request: 189.012536 seconds.
  path: Assets/Scenes/Level03.unity
  artifactKey: Guid(ce5fdf77eb7ee314a9521d251db08779) Importer(815301076,1909f56bfc062723c751e8b465ee728b)
Start importing Assets/Scenes/Level03.unity using Guid(ce5fdf77eb7ee314a9521d251db08779) Importer(815301076,1909f56bfc062723c751e8b465ee728b)  -> (artifact id: '853833a1a01ec4dc9bf102ad19efccf5') in 0.020370 seconds
  Import took 0.038459 seconds .

========================================================================
Received Import Request.
  Time since last request: 92.349672 seconds.
  path: Assets/Scenes/Credits.unity
  artifactKey: Guid(4a6cf5046e083bd4cb207c38855f2ad5) Importer(815301076,1909f56bfc062723c751e8b465ee728b)
Start importing Assets/Scenes/Credits.unity using Guid(4a6cf5046e083bd4cb207c38855f2ad5) Importer(815301076,1909f56bfc062723c751e8b465ee728b)  -> (artifact id: 'd87422e441f8658713d9f0a8c17dc4a7') in 0.010090 seconds
  Import took 0.028688 seconds .

========================================================================
Received Prepare
Registering precompiled user dll's ...
Registered in 0.000795 seconds.
Begin MonoManager ReloadAssembly
Native extension for WindowsStandalone target not found
Native extension for WebGL target not found
Refreshing native plugins compatible for Editor in 0.28 ms, found 0 plugins.
Preloading 0 native plugins for Editor in 0.00 ms.
Mono: successfully reloaded assembly
- Completed reload, in  1.127 seconds
Platform modules already initialized, skipping
Refreshing native plugins compatible for Editor in 0.28 ms, found 0 plugins.
Preloading 0 native plugins for Editor in 0.00 ms.
Unloading 1131 Unused Serialized files (Serialized files now loaded: 0)
System memory in use before: 62.6 MB.
System memory in use after: 62.6 MB.

Unloading 5 unused Assets to reduce memory usage. Loaded Objects now: 1604.
Total: 2.013700 ms (FindLiveObjects: 0.190900 ms CreateObjectMapping: 0.050900 ms MarkObjects: 1.699500 ms  DeleteObjects: 0.070800 ms)

========================================================================
Received Import Request.
  Time since last request: 520.315438 seconds.
  path: Assets/CreditsQuitGame.cs
  artifactKey: Guid(911f2052613275141bd3a89843c895fb) Importer(815301076,1909f56bfc062723c751e8b465ee728b)
Start importing Assets/CreditsQuitGame.cs using Guid(911f2052613275141bd3a89843c895fb) Importer(815301076,1909f56bfc062723c751e8b465ee728b)  -> (artifact id: '964a5d3275d36617a9003dacfde1229a') in 0.146517 seconds
  Import took 0.158532 seconds .

========================================================================
Received Prepare
Registering precompiled user dll's ...
Registered in 0.007120 seconds.
Begin MonoManager ReloadAssembly
Native extension for WindowsStandalone target not found
Native extension for WebGL target not found
Refreshing native plugins compatible for Editor in 0.27 ms, found 0 plugins.
Preloading 0 native plugins for Editor in 0.00 ms.
Mono: successfully reloaded assembly
- Completed reload, in  1.194 seconds
Platform modules already initialized, skipping
Refreshing native plugins compatible for Editor in 0.28 ms, found 0 plugins.
Preloading 0 native plugins for Editor in 0.00 ms.
Unloading 1131 Unused Serialized files (Serialized files now loaded: 0)
System memory in use before: 62.6 MB.
System memory in use after: 62.6 MB.

Unloading 5 unused Assets to reduce memory usage. Loaded Objects now: 1607.
Total: 2.260700 ms (FindLiveObjects: 0.177600 ms CreateObjectMapping: 0.056700 ms MarkObjects: 1.941300 ms  DeleteObjects: 0.082800 ms)

========================================================================
Received Import Request.
  Time since last request: 229.562352 seconds.
  path: Assets/CreditsQuitGame.cs
  artifactKey: Guid(911f2052613275141bd3a89843c895fb) Importer(815301076,1909f56bfc062723c751e8b465ee728b)
Start importing Assets/CreditsQuitGame.cs using Guid(911f2052613275141bd3a89843c895fb) Importer(815301076,1909f56bfc062723c751e8b465ee728b)  -> (artifact id: '7c23bda15811d8d97645ccfd53cf379d') in 0.004982 seconds
  Import took 0.108716 seconds .

========================================================================
Received Prepare
Registering precompiled user dll's ...
Registered in 0.000986 seconds.
Begin MonoManager ReloadAssembly
Native extension for WindowsStandalone target not found
Native extension for WebGL target not found
Refreshing native plugins compatible for Editor in 0.27 ms, found 0 plugins.
Preloading 0 native plugins for Editor in 0.00 ms.
Mono: successfully reloaded assembly
- Completed reload, in  1.124 seconds
Platform modules already initialized, skipping
Refreshing native plugins compatible for Editor in 0.28 ms, found 0 plugins.
Preloading 0 native plugins for Editor in 0.00 ms.
Unloading 1131 Unused Serialized files (Serialized files now loaded: 0)
System memory in use before: 62.6 MB.
System memory in use after: 62.7 MB.

Unloading 5 unused Assets to reduce memory usage. Loaded Objects now: 1610.
Total: 2.029800 ms (FindLiveObjects: 0.158300 ms CreateObjectMapping: 0.049200 ms MarkObjects: 1.738000 ms  DeleteObjects: 0.082700 ms)

========================================================================
Received Prepare
Registering precompiled user dll's ...
Registered in 0.000703 seconds.
Begin MonoManager ReloadAssembly
Native extension for WindowsStandalone target not found
Native extension for WebGL target not found
Refreshing native plugins compatible for Editor in 0.28 ms, found 0 plugins.
Preloading 0 native plugins for Editor in 0.00 ms.
Mono: successfully reloaded assembly
- Completed reload, in  1.120 seconds
Platform modules already initialized, skipping
Refreshing native plugins compatible for Editor in 0.30 ms, found 0 plugins.
Preloading 0 native plugins for Editor in 0.00 ms.
Unloading 1131 Unused Serialized files (Serialized files now loaded: 0)
System memory in use before: 62.6 MB.
System memory in use after: 62.7 MB.

Unloading 5 unused Assets to reduce memory usage. Loaded Objects now: 1613.
Total: 2.178200 ms (FindLiveObjects: 0.223500 ms CreateObjectMapping: 0.051900 ms MarkObjects: 1.809900 ms  DeleteObjects: 0.091100 ms)

========================================================================
Received Prepare
Registering precompiled user dll's ...
Registered in 0.000769 seconds.
Begin MonoManager ReloadAssembly
Native extension for WindowsStandalone target not found
Native extension for WebGL target not found
Refreshing native plugins compatible for Editor in 0.42 ms, found 0 plugins.
Preloading 0 native plugins for Editor in 0.00 ms.
Mono: successfully reloaded assembly
- Completed reload, in  1.155 seconds
Platform modules already initialized, skipping
Refreshing native plugins compatible for Editor in 0.28 ms, found 0 plugins.
Preloading 0 native plugins for Editor in 0.00 ms.
Unloading 1131 Unused Serialized files (Serialized files now loaded: 0)
System memory in use before: 62.6 MB.
System memory in use after: 62.7 MB.

Unloading 5 unused Assets to reduce memory usage. Loaded Objects now: 1616.
Total: 2.276100 ms (FindLiveObjects: 0.167600 ms CreateObjectMapping: 0.050500 ms MarkObjects: 1.970600 ms  DeleteObjects: 0.085000 ms)

========================================================================
Received Prepare
Registering precompiled user dll's ...
Registered in 0.000682 seconds.
Begin MonoManager ReloadAssembly
Native extension for WindowsStandalone target not found
Native extension for WebGL target not found
Refreshing native plugins compatible for Editor in 0.28 ms, found 0 plugins.
Preloading 0 native plugins for Editor in 0.00 ms.
Mono: successfully reloaded assembly
- Completed reload, in  1.095 seconds
Platform modules already initialized, skipping
Refreshing native plugins compatible for Editor in 0.28 ms, found 0 plugins.
Preloading 0 native plugins for Editor in 0.00 ms.
Unloading 1131 Unused Serialized files (Serialized files now loaded: 0)
System memory in use before: 62.6 MB.
System memory in use after: 62.7 MB.

Unloading 5 unused Assets to reduce memory usage. Loaded Objects now: 1619.
Total: 2.145000 ms (FindLiveObjects: 0.168300 ms CreateObjectMapping: 0.072800 ms MarkObjects: 1.806200 ms  DeleteObjects: 0.096000 ms)

========================================================================
Received Prepare
Refreshing native plugins compatible for Editor in 2.23 ms, found 0 plugins.
Preloading 0 native plugins for Editor in 0.00 ms.
Unloading 3 Unused Serialized files (Serialized files now loaded: 0)
System memory in use before: 40.2 MB.
System memory in use after: 40.3 MB.

Unloading 3 unused Assets to reduce memory usage. Loaded Objects now: 1619.
Total: 5.523400 ms (FindLiveObjects: 0.152200 ms CreateObjectMapping: 0.048800 ms MarkObjects: 5.245000 ms  DeleteObjects: 0.075100 ms)

========================================================================
Received Prepare
Registering precompiled user dll's ...
Registered in 0.000827 seconds.
Begin MonoManager ReloadAssembly
Native extension for WindowsStandalone target not found
Native extension for WebGL target not found
Refreshing native plugins compatible for Editor in 0.27 ms, found 0 plugins.
Preloading 0 native plugins for Editor in 0.00 ms.
Mono: successfully reloaded assembly
- Completed reload, in  1.150 seconds
Platform modules already initialized, skipping
Refreshing native plugins compatible for Editor in 0.28 ms, found 0 plugins.
Preloading 0 native plugins for Editor in 0.00 ms.
Unloading 1131 Unused Serialized files (Serialized files now loaded: 0)
System memory in use before: 62.6 MB.
System memory in use after: 62.7 MB.

Unloading 5 unused Assets to reduce memory usage. Loaded Objects now: 1622.
Total: 2.842600 ms (FindLiveObjects: 0.803700 ms CreateObjectMapping: 0.053600 ms MarkObjects: 1.843800 ms  DeleteObjects: 0.139700 ms)

========================================================================
Received Import Request.
  Time since last request: 1140.257588 seconds.
  path: Assets/Scenes/Level01/NavMesh-NavMesh 1.asset
  artifactKey: Guid(6c4f2884a0c6db54a9a3326583b64dc4) Importer(815301076,1909f56bfc062723c751e8b465ee728b)
Start importing Assets/Scenes/Level01/NavMesh-NavMesh 1.asset using Guid(6c4f2884a0c6db54a9a3326583b64dc4) Importer(815301076,1909f56bfc062723c751e8b465ee728b)  -> (artifact id: '67e887cfc6132eb75dff98b00aaf6802') in 0.072583 seconds
  Import took 0.099595 seconds .

========================================================================
Received Import Request.
  Time since last request: 0.000302 seconds.
  path: Assets/Scenes/Level01/NavMesh-NavMesh 2.asset
  artifactKey: Guid(67fd355ec2b793441bb54b3a3e1f3fca) Importer(815301076,1909f56bfc062723c751e8b465ee728b)
Start importing Assets/Scenes/Level01/NavMesh-NavMesh 2.asset using Guid(67fd355ec2b793441bb54b3a3e1f3fca) Importer(815301076,1909f56bfc062723c751e8b465ee728b)  -> (artifact id: 'ed0d38c94d8a3149ddca8053e2f9e795') in 0.013112 seconds
  Import took 0.023123 seconds .

========================================================================
Received Import Request.
  Time since last request: 0.000584 seconds.
  path: Assets/Scenes/Level01/NavMesh-NavMesh.asset
  artifactKey: Guid(38afc6e5b55b1874e82b97383f72d6d3) Importer(815301076,1909f56bfc062723c751e8b465ee728b)
Start importing Assets/Scenes/Level01/NavMesh-NavMesh.asset using Guid(38afc6e5b55b1874e82b97383f72d6d3) Importer(815301076,1909f56bfc062723c751e8b465ee728b)  -> (artifact id: '8a668523f0efb1393c337b39da3d9db9') in 0.056073 seconds
  Import took 0.076778 seconds .

========================================================================
Received Import Request.
  Time since last request: 2.674012 seconds.
  path: Assets/Scenes/Level01.unity
  artifactKey: Guid(9fc0d4010bbf28b4594072e72b8655ab) Importer(815301076,1909f56bfc062723c751e8b465ee728b)
Start importing Assets/Scenes/Level01.unity using Guid(9fc0d4010bbf28b4594072e72b8655ab) Importer(815301076,1909f56bfc062723c751e8b465ee728b)  -> (artifact id: '8b1383bdcdc0ab34cd0b23112272be1b') in 0.010337 seconds
  Import took 0.033267 seconds .

========================================================================
Received Import Request.
  Time since last request: 392.743185 seconds.
  path: Assets/Script/LoseLevel.cs
  artifactKey: Guid(74b69d3b98f4c1d459d021101e6b5b8d) Importer(815301076,1909f56bfc062723c751e8b465ee728b)
Start importing Assets/Script/LoseLevel.cs using Guid(74b69d3b98f4c1d459d021101e6b5b8d) Importer(815301076,1909f56bfc062723c751e8b465ee728b)  -> (artifact id: '4ded7afe3000fed7b06f787058034593') in 0.011347 seconds
  Import took 0.081050 seconds .

========================================================================
Received Import Request.
  Time since last request: 7.954793 seconds.
  path: Assets/Script/MoveCamera.cs
  artifactKey: Guid(9ee8875317be3304c84adcad7e8829a5) Importer(815301076,1909f56bfc062723c751e8b465ee728b)
Start importing Assets/Script/MoveCamera.cs using Guid(9ee8875317be3304c84adcad7e8829a5) Importer(815301076,1909f56bfc062723c751e8b465ee728b)  -> (artifact id: 'ea2ba8452bca7494e49f03fba51bdf36') in 0.012236 seconds
  Import took 0.025488 seconds .

========================================================================
Received Import Request.
  Time since last request: 11.370648 seconds.
  path: Assets/Script/PlayerMovement.cs
  artifactKey: Guid(55689a34f04e980459681f19319ee574) Importer(815301076,1909f56bfc062723c751e8b465ee728b)
Start importing Assets/Script/PlayerMovement.cs using Guid(55689a34f04e980459681f19319ee574) Importer(815301076,1909f56bfc062723c751e8b465ee728b)  -> (artifact id: '4b7e38a66db7b4473f5a08ae97be04dc') in 0.009908 seconds
  Import took 0.027360 seconds .

========================================================================
Received Import Request.
  Time since last request: 0.001723 seconds.
  path: Assets/Script/PlayerMovement.cs
  artifactKey: Guid(55689a34f04e980459681f19319ee574) Importer(815301076,1909f56bfc062723c751e8b465ee728b)
Start importing Assets/Script/PlayerMovement.cs using Guid(55689a34f04e980459681f19319ee574) Importer(815301076,1909f56bfc062723c751e8b465ee728b)  -> (artifact id: '4b7e38a66db7b4473f5a08ae97be04dc') in 0.006804 seconds
  Import took 0.010808 seconds .

========================================================================
Received Prepare
Registering precompiled user dll's ...
Registered in 0.000750 seconds.
Begin MonoManager ReloadAssembly
Native extension for WindowsStandalone target not found
Native extension for WebGL target not found
Refreshing native plugins compatible for Editor in 0.28 ms, found 0 plugins.
Preloading 0 native plugins for Editor in 0.00 ms.
Mono: successfully reloaded assembly
- Completed reload, in  1.148 seconds
Platform modules already initialized, skipping
Refreshing native plugins compatible for Editor in 0.28 ms, found 0 plugins.
Preloading 0 native plugins for Editor in 0.00 ms.
Unloading 1131 Unused Serialized files (Serialized files now loaded: 0)
System memory in use before: 62.7 MB.
System memory in use after: 62.7 MB.

Unloading 5 unused Assets to reduce memory usage. Loaded Objects now: 1625.
Total: 2.063400 ms (FindLiveObjects: 0.224700 ms CreateObjectMapping: 0.063400 ms MarkObjects: 1.688900 ms  DeleteObjects: 0.084800 ms)

========================================================================
Received Prepare
Registering precompiled user dll's ...
Registered in 0.000754 seconds.
Begin MonoManager ReloadAssembly
Native extension for WindowsStandalone target not found
Native extension for WebGL target not found
Refreshing native plugins compatible for Editor in 0.30 ms, found 0 plugins.
Preloading 0 native plugins for Editor in 0.00 ms.
Mono: successfully reloaded assembly
- Completed reload, in  1.968 seconds
Platform modules already initialized, skipping
Refreshing native plugins compatible for Editor in 0.30 ms, found 0 plugins.
Preloading 0 native plugins for Editor in 0.00 ms.
Unloading 1131 Unused Serialized files (Serialized files now loaded: 0)
System memory in use before: 62.7 MB.
System memory in use after: 62.7 MB.

Unloading 5 unused Assets to reduce memory usage. Loaded Objects now: 1628.
Total: 13.592700 ms (FindLiveObjects: 0.162700 ms CreateObjectMapping: 0.050400 ms MarkObjects: 13.293200 ms  DeleteObjects: 0.084300 ms)

========================================================================
Received Prepare
Registering precompiled user dll's ...
Registered in 0.000825 seconds.
Begin MonoManager ReloadAssembly
Native extension for WindowsStandalone target not found
Native extension for WebGL target not found
Refreshing native plugins compatible for Editor in 0.27 ms, found 0 plugins.
Preloading 0 native plugins for Editor in 0.00 ms.
Mono: successfully reloaded assembly
- Completed reload, in  1.287 seconds
Platform modules already initialized, skipping
Refreshing native plugins compatible for Editor in 0.29 ms, found 0 plugins.
Preloading 0 native plugins for Editor in 0.00 ms.
Unloading 1131 Unused Serialized files (Serialized files now loaded: 0)
System memory in use before: 62.7 MB.
System memory in use after: 62.7 MB.

Unloading 5 unused Assets to reduce memory usage. Loaded Objects now: 1631.
Total: 2.254600 ms (FindLiveObjects: 0.151800 ms CreateObjectMapping: 0.048700 ms MarkObjects: 1.959700 ms  DeleteObjects: 0.092600 ms)

========================================================================
Received Import Request.
  Time since last request: 406.186549 seconds.
  path: Assets/Scenes/Level03.unity
  artifactKey: Guid(ce5fdf77eb7ee314a9521d251db08779) Importer(815301076,1909f56bfc062723c751e8b465ee728b)
Start importing Assets/Scenes/Level03.unity using Guid(ce5fdf77eb7ee314a9521d251db08779) Importer(815301076,1909f56bfc062723c751e8b465ee728b)  -> (artifact id: '5ec985e3f302bdc9f492b07e5eeb6506') in 0.024475 seconds
  Import took 0.027453 seconds .

========================================================================
Received Import Request.
  Time since last request: 12.962241 seconds.
  path: Assets/Scenes/Level02.unity
  artifactKey: Guid(885b9312845ed154d880ed2c4a3ca2f1) Importer(815301076,1909f56bfc062723c751e8b465ee728b)
Start importing Assets/Scenes/Level02.unity using Guid(885b9312845ed154d880ed2c4a3ca2f1) Importer(815301076,1909f56bfc062723c751e8b465ee728b)  -> (artifact id: '0a7eac9de3c212a85a0f934b183dc3f9') in 0.011302 seconds
  Import took 0.024223 seconds .

========================================================================
Received Prepare
Registering precompiled user dll's ...
Registered in 0.000758 seconds.
Begin MonoManager ReloadAssembly
Native extension for WindowsStandalone target not found
Native extension for WebGL target not found
Refreshing native plugins compatible for Editor in 0.27 ms, found 0 plugins.
Preloading 0 native plugins for Editor in 0.00 ms.
Mono: successfully reloaded assembly
- Completed reload, in  1.278 seconds
Platform modules already initialized, skipping
Refreshing native plugins compatible for Editor in 0.28 ms, found 0 plugins.
Preloading 0 native plugins for Editor in 0.00 ms.
Unloading 1131 Unused Serialized files (Serialized files now loaded: 0)
System memory in use before: 62.7 MB.
System memory in use after: 62.8 MB.

Unloading 5 unused Assets to reduce memory usage. Loaded Objects now: 1634.
Total: 1.936900 ms (FindLiveObjects: 0.153700 ms CreateObjectMapping: 0.048600 ms MarkObjects: 1.650300 ms  DeleteObjects: 0.082800 ms)

========================================================================
Received Prepare
Registering precompiled user dll's ...
Registered in 0.000773 seconds.
Begin MonoManager ReloadAssembly
Native extension for WindowsStandalone target not found
Native extension for WebGL target not found
Refreshing native plugins compatible for Editor in 0.28 ms, found 0 plugins.
Preloading 0 native plugins for Editor in 0.00 ms.
Mono: successfully reloaded assembly
- Completed reload, in  1.155 seconds
Platform modules already initialized, skipping
Refreshing native plugins compatible for Editor in 0.29 ms, found 0 plugins.
Preloading 0 native plugins for Editor in 0.00 ms.
Unloading 1131 Unused Serialized files (Serialized files now loaded: 0)
System memory in use before: 62.7 MB.
System memory in use after: 62.8 MB.

Unloading 5 unused Assets to reduce memory usage. Loaded Objects now: 1637.
Total: 2.321300 ms (FindLiveObjects: 0.188200 ms CreateObjectMapping: 0.054400 ms MarkObjects: 1.987000 ms  DeleteObjects: 0.089200 ms)

========================================================================
Received Prepare
Registering precompiled user dll's ...
Registered in 0.000898 seconds.
Begin MonoManager ReloadAssembly
Native extension for WindowsStandalone target not found
Native extension for WebGL target not found
Refreshing native plugins compatible for Editor in 0.32 ms, found 0 plugins.
Preloading 0 native plugins for Editor in 0.00 ms.
Mono: successfully reloaded assembly
- Completed reload, in  1.137 seconds
Platform modules already initialized, skipping
Refreshing native plugins compatible for Editor in 0.34 ms, found 0 plugins.
Preloading 0 native plugins for Editor in 0.00 ms.
Unloading 1131 Unused Serialized files (Serialized files now loaded: 0)
System memory in use before: 62.7 MB.
System memory in use after: 62.8 MB.

Unloading 5 unused Assets to reduce memory usage. Loaded Objects now: 1640.
Total: 1.953200 ms (FindLiveObjects: 0.171900 ms CreateObjectMapping: 0.051900 ms MarkObjects: 1.650100 ms  DeleteObjects: 0.077700 ms)

========================================================================
Received Import Request.
  Time since last request: 1032.334242 seconds.
  path: Assets/Scenes/Level03.unity
  artifactKey: Guid(ce5fdf77eb7ee314a9521d251db08779) Importer(815301076,1909f56bfc062723c751e8b465ee728b)
Start importing Assets/Scenes/Level03.unity using Guid(ce5fdf77eb7ee314a9521d251db08779) Importer(815301076,1909f56bfc062723c751e8b465ee728b)  -> (artifact id: '8554fb2d9bfe7225120115124fc5061e') in 0.023773 seconds
  Import took 0.026736 seconds .

========================================================================
Received Import Request.
  Time since last request: 29.798422 seconds.
  path: Assets/Scenes/Credits.unity
  artifactKey: Guid(4a6cf5046e083bd4cb207c38855f2ad5) Importer(815301076,1909f56bfc062723c751e8b465ee728b)
Start importing Assets/Scenes/Credits.unity using Guid(4a6cf5046e083bd4cb207c38855f2ad5) Importer(815301076,1909f56bfc062723c751e8b465ee728b)  -> (artifact id: 'e9293bbd147bc5cc08e255e9d0806e8f') in 0.011253 seconds
  Import took 0.014135 seconds .

========================================================================
Received Prepare
Registering precompiled user dll's ...
Registered in 0.000968 seconds.
Begin MonoManager ReloadAssembly
Native extension for WindowsStandalone target not found
Native extension for WebGL target not found
Refreshing native plugins compatible for Editor in 0.31 ms, found 0 plugins.
Preloading 0 native plugins for Editor in 0.00 ms.
Mono: successfully reloaded assembly
- Completed reload, in  1.197 seconds
Platform modules already initialized, skipping
Refreshing native plugins compatible for Editor in 0.28 ms, found 0 plugins.
Preloading 0 native plugins for Editor in 0.00 ms.
Unloading 1131 Unused Serialized files (Serialized files now loaded: 0)
System memory in use before: 62.7 MB.
System memory in use after: 62.8 MB.

Unloading 5 unused Assets to reduce memory usage. Loaded Objects now: 1643.
Total: 2.300600 ms (FindLiveObjects: 0.197700 ms CreateObjectMapping: 0.185200 ms MarkObjects: 1.843600 ms  DeleteObjects: 0.072400 ms)

========================================================================
Received Import Request.
  Time since last request: 146.174977 seconds.
  path: Assets/Scenes/Level03.unity
  artifactKey: Guid(ce5fdf77eb7ee314a9521d251db08779) Importer(815301076,1909f56bfc062723c751e8b465ee728b)
Start importing Assets/Scenes/Level03.unity using Guid(ce5fdf77eb7ee314a9521d251db08779) Importer(815301076,1909f56bfc062723c751e8b465ee728b)  -> (artifact id: '37b98f04ed2f13a4293ab1ef45ce8fc2') in 0.018620 seconds
  Import took 0.032598 seconds .

========================================================================
Received Prepare
Registering precompiled user dll's ...
Registered in 0.000803 seconds.
Begin MonoManager ReloadAssembly
Native extension for WindowsStandalone target not found
Native extension for WebGL target not found
Refreshing native plugins compatible for Editor in 0.28 ms, found 0 plugins.
Preloading 0 native plugins for Editor in 0.00 ms.
Mono: successfully reloaded assembly
- Completed reload, in  1.136 seconds
Platform modules already initialized, skipping
Refreshing native plugins compatible for Editor in 0.30 ms, found 0 plugins.
Preloading 0 native plugins for Editor in 0.00 ms.
Unloading 1131 Unused Serialized files (Serialized files now loaded: 0)
System memory in use before: 62.7 MB.
System memory in use after: 62.8 MB.

Unloading 5 unused Assets to reduce memory usage. Loaded Objects now: 1646.
Total: 1.964400 ms (FindLiveObjects: 0.150800 ms CreateObjectMapping: 0.047900 ms MarkObjects: 1.679800 ms  DeleteObjects: 0.084700 ms)

========================================================================
Received Prepare
Registering precompiled user dll's ...
Registered in 0.000774 seconds.
Begin MonoManager ReloadAssembly
Native extension for WindowsStandalone target not found
Native extension for WebGL target not found
Refreshing native plugins compatible for Editor in 0.33 ms, found 0 plugins.
Preloading 0 native plugins for Editor in 0.00 ms.
Mono: successfully reloaded assembly
- Completed reload, in  1.158 seconds
Platform modules already initialized, skipping
Refreshing native plugins compatible for Editor in 0.27 ms, found 0 plugins.
Preloading 0 native plugins for Editor in 0.00 ms.
Unloading 1131 Unused Serialized files (Serialized files now loaded: 0)
System memory in use before: 62.7 MB.
System memory in use after: 62.8 MB.

Unloading 5 unused Assets to reduce memory usage. Loaded Objects now: 1649.
Total: 2.087200 ms (FindLiveObjects: 0.285700 ms CreateObjectMapping: 0.074200 ms MarkObjects: 1.652900 ms  DeleteObjects: 0.072600 ms)

========================================================================
Received Import Request.
  Time since last request: 111.931232 seconds.
  path: Assets/Script/CreditsQuitGame.cs
  artifactKey: Guid(911f2052613275141bd3a89843c895fb) Importer(815301076,1909f56bfc062723c751e8b465ee728b)
Start importing Assets/Script/CreditsQuitGame.cs using Guid(911f2052613275141bd3a89843c895fb) Importer(815301076,1909f56bfc062723c751e8b465ee728b)  -> (artifact id: 'ef3a26eaec501169396934d1e4981b12') in 0.008935 seconds
  Import took 0.011270 seconds .

========================================================================
Received Prepare
Registering precompiled user dll's ...
Registered in 0.000776 seconds.
Begin MonoManager ReloadAssembly
Native extension for WindowsStandalone target not found
Native extension for WebGL target not found
Refreshing native plugins compatible for Editor in 0.27 ms, found 0 plugins.
Preloading 0 native plugins for Editor in 0.00 ms.
Mono: successfully reloaded assembly
- Completed reload, in  1.186 seconds
Platform modules already initialized, skipping
Refreshing native plugins compatible for Editor in 0.28 ms, found 0 plugins.
Preloading 0 native plugins for Editor in 0.00 ms.
Unloading 1131 Unused Serialized files (Serialized files now loaded: 0)
System memory in use before: 62.7 MB.
System memory in use after: 62.8 MB.

Unloading 5 unused Assets to reduce memory usage. Loaded Objects now: 1652.
Total: 2.348300 ms (FindLiveObjects: 0.163300 ms CreateObjectMapping: 0.049900 ms MarkObjects: 1.909700 ms  DeleteObjects: 0.223300 ms)

========================================================================
Received Prepare
Refreshing native plugins compatible for Editor in 0.82 ms, found 0 plugins.
Preloading 0 native plugins for Editor in 0.00 ms.
Unloading 3 Unused Serialized files (Serialized files now loaded: 0)
System memory in use before: 40.3 MB.
System memory in use after: 40.4 MB.

Unloading 3 unused Assets to reduce memory usage. Loaded Objects now: 1652.
Total: 2.243600 ms (FindLiveObjects: 0.164800 ms CreateObjectMapping: 0.054000 ms MarkObjects: 1.953900 ms  DeleteObjects: 0.068800 ms)

AssetImportWorkerClient::OnTransportError - code=2 error=End of file
